# JRE version: OpenJDK Runtime Environment (21.0.3) (build 21.0.3+-12282718-b509.11)
# Java VM: OpenJDK 64-Bit Server VM (21.0.3+-12282718-b509.11, mixed mode, tiered, compressed oops, compressed class ptrs, g1 gc, windows-amd64)
GC Precious Log:
 CardTable entry size: 512
 Card Set container configuration: InlinePtr #cards 5 size 8 Array Of Cards #cards 12 size 40 Howl #buckets 4 coarsen threshold 1843 Howl Bitmap #cards 512 size 80 coarsen threshold 460 Card regions per heap region 1 cards per card region 2048
 CPUs: 12 total, 12 available
 Memory: 15741M
 Large Page Support: Disabled
 NUMA Support: Disabled
 Compressed Oops: Enabled (32-bit)
 Heap Region Size: 1M
 Heap Min Capacity: 8M
 Heap Initial Capacity: 246M
 Heap Max Capacity: 2G
 Pre-touch: Disabled
 Parallel Workers: 10
 Concurrent Workers: 3
 Concurrent Refinement Workers: 10
 Periodic GC: Disabled
Heap:
 garbage-first heap   total 470016K, used 334358K [0x0000000080000000, 0x0000000100000000)
  region size 1024K, 88 young (90112K), 10 survivors (10240K)
 Metaspace       used 231040K, committed 234112K, reserved 1310720K
  class space    used 29926K, committed 31488K, reserved 1048576K
GC Heap History (20 events):
Event: 92.673 GC heap before
{Heap before GC invocations=73 (full 0):
 garbage-first heap   total 458752K, used 414229K [0x0000000080000000, 0x0000000100000000)
  region size 1024K, 196 young (200704K), 20 survivors (20480K)
 Metaspace       used 208392K, committed 211328K, reserved 1245184K
  class space    used 27043K, committed 28544K, reserved 1048576K
}
Event: 92.684 GC heap after
{Heap after GC invocations=74 (full 0):
 garbage-first heap   total 458752K, used 240023K [0x0000000080000000, 0x0000000100000000)
  region size 1024K, 17 young (17408K), 17 survivors (17408K)
 Metaspace       used 208392K, committed 211328K, reserved 1245184K
  class space    used 27043K, committed 28544K, reserved 1048576K
}
Event: 92.971 GC heap before
{Heap before GC invocations=74 (full 0):
 garbage-first heap   total 458752K, used 416151K [0x0000000080000000, 0x0000000100000000)
  region size 1024K, 190 young (194560K), 17 survivors (17408K)
 Metaspace       used 208823K, committed 211776K, reserved 1245184K
  class space    used 27082K, committed 28608K, reserved 1048576K
}
Event: 92.984 GC heap after
{Heap after GC invocations=75 (full 0):
 garbage-first heap   total 458752K, used 240369K [0x0000000080000000, 0x0000000100000000)
  region size 1024K, 14 young (14336K), 14 survivors (14336K)
 Metaspace       used 208823K, committed 211776K, reserved 1245184K
  class space    used 27082K, committed 28608K, reserved 1048576K
}
Event: 93.023 GC heap before
{Heap before GC invocations=75 (full 0):
 garbage-first heap   total 458752K, used 257777K [0x0000000080000000, 0x0000000100000000)
  region size 1024K, 32 young (32768K), 14 survivors (14336K)
 Metaspace       used 208830K, committed 211776K, reserved 1245184K
  class space    used 27082K, committed 28608K, reserved 1048576K
}
Event: 93.029 GC heap after
{Heap after GC invocations=76 (full 0):
 garbage-first heap   total 458752K, used 239821K [0x0000000080000000, 0x0000000100000000)
  region size 1024K, 13 young (13312K), 13 survivors (13312K)
 Metaspace       used 208830K, committed 211776K, reserved 1245184K
  class space    used 27082K, committed 28608K, reserved 1048576K
}
Event: 93.502 GC heap before
{Heap before GC invocations=77 (full 0):
 garbage-first heap   total 458752K, used 423117K [0x0000000080000000, 0x0000000100000000)
  region size 1024K, 190 young (194560K), 13 survivors (13312K)
 Metaspace       used 209040K, committed 211968K, reserved 1245184K
  class space    used 27105K, committed 28608K, reserved 1048576K
}
Event: 93.509 GC heap after
{Heap after GC invocations=78 (full 0):
 garbage-first heap   total 458752K, used 242553K [0x0000000080000000, 0x0000000100000000)
  region size 1024K, 14 young (14336K), 14 survivors (14336K)
 Metaspace       used 209040K, committed 211968K, reserved 1245184K
  class space    used 27105K, committed 28608K, reserved 1048576K
}
Event: 119.812 GC heap before
{Heap before GC invocations=78 (full 0):
 garbage-first heap   total 458752K, used 419705K [0x0000000080000000, 0x0000000100000000)
  region size 1024K, 187 young (191488K), 14 survivors (14336K)
 Metaspace       used 210353K, committed 213312K, reserved 1245184K
  class space    used 27266K, committed 28800K, reserved 1048576K
}
Event: 119.820 GC heap after
{Heap after GC invocations=79 (full 0):
 garbage-first heap   total 458752K, used 233396K [0x0000000080000000, 0x0000000100000000)
  region size 1024K, 14 young (14336K), 14 survivors (14336K)
 Metaspace       used 210353K, committed 213312K, reserved 1245184K
  class space    used 27266K, committed 28800K, reserved 1048576K
}
Event: 128.435 GC heap before
{Heap before GC invocations=79 (full 0):
 garbage-first heap   total 458752K, used 418740K [0x0000000080000000, 0x0000000100000000)
  region size 1024K, 196 young (200704K), 14 survivors (14336K)
 Metaspace       used 213136K, committed 216128K, reserved 1245184K
  class space    used 27564K, committed 29120K, reserved 1048576K
}
Event: 128.446 GC heap after
{Heap after GC invocations=80 (full 0):
 garbage-first heap   total 458752K, used 238518K [0x0000000080000000, 0x0000000100000000)
  region size 1024K, 19 young (19456K), 19 survivors (19456K)
 Metaspace       used 213136K, committed 216128K, reserved 1245184K
  class space    used 27564K, committed 29120K, reserved 1048576K
}
Event: 129.547 GC heap before
{Heap before GC invocations=81 (full 0):
 garbage-first heap   total 458752K, used 419766K [0x0000000080000000, 0x0000000100000000)
  region size 1024K, 191 young (195584K), 19 survivors (19456K)
 Metaspace       used 223348K, committed 226432K, reserved 1245184K
  class space    used 28885K, committed 30464K, reserved 1048576K
}
Event: 129.569 GC heap after
{Heap after GC invocations=82 (full 0):
 garbage-first heap   total 458752K, used 252839K [0x0000000080000000, 0x0000000100000000)
  region size 1024K, 24 young (24576K), 24 survivors (24576K)
 Metaspace       used 223348K, committed 226432K, reserved 1245184K
  class space    used 28885K, committed 30464K, reserved 1048576K
}
Event: 130.235 GC heap before
{Heap before GC invocations=82 (full 0):
 garbage-first heap   total 458752K, used 410535K [0x0000000080000000, 0x0000000100000000)
  region size 1024K, 178 young (182272K), 24 survivors (24576K)
 Metaspace       used 223368K, committed 226496K, reserved 1245184K
  class space    used 28886K, committed 30464K, reserved 1048576K
}
Event: 130.252 GC heap after
{Heap after GC invocations=83 (full 0):
 garbage-first heap   total 458752K, used 253648K [0x0000000080000000, 0x0000000100000000)
  region size 1024K, 8 young (8192K), 8 survivors (8192K)
 Metaspace       used 223368K, committed 226496K, reserved 1245184K
  class space    used 28886K, committed 30464K, reserved 1048576K
}
Event: 130.635 GC heap before
{Heap before GC invocations=83 (full 0):
 garbage-first heap   total 458752K, used 344784K [0x0000000080000000, 0x0000000100000000)
  region size 1024K, 99 young (101376K), 8 survivors (8192K)
 Metaspace       used 223580K, committed 226688K, reserved 1245184K
  class space    used 28910K, committed 30464K, reserved 1048576K
}
Event: 130.641 GC heap after
{Heap after GC invocations=84 (full 0):
 garbage-first heap   total 458752K, used 254862K [0x0000000080000000, 0x0000000100000000)
  region size 1024K, 10 young (10240K), 10 survivors (10240K)
 Metaspace       used 223580K, committed 226688K, reserved 1245184K
  class space    used 28910K, committed 30464K, reserved 1048576K
}
Event: 132.205 GC heap before
{Heap before GC invocations=85 (full 0):
 garbage-first heap   total 468992K, used 457614K [0x0000000080000000, 0x0000000100000000)
  region size 1024K, 174 young (178176K), 10 survivors (10240K)
 Metaspace       used 230866K, committed 233984K, reserved 1310720K
  class space    used 29921K, committed 31488K, reserved 1048576K
}
Event: 132.211 GC heap after
{Heap after GC invocations=86 (full 0):
 garbage-first heap   total 470016K, used 255510K [0x0000000080000000, 0x0000000100000000)
  region size 1024K, 10 young (10240K), 10 survivors (10240K)
 Metaspace       used 230866K, committed 233984K, reserved 1310720K
  class space    used 29921K, committed 31488K, reserved 1048576K
}

