# JRE version: OpenJDK Runtime Environment (21.0.3) (build 21.0.3+-12282718-b509.11)
# Java VM: OpenJDK 64-Bit Server VM (21.0.3+-12282718-b509.11, mixed mode, tiered, compressed oops, compressed class ptrs, g1 gc, windows-amd64)
GC Precious Log:
 CardTable entry size: 512
 Card Set container configuration: InlinePtr #cards 5 size 8 Array Of Cards #cards 12 size 40 Howl #buckets 4 coarsen threshold 1843 Howl Bitmap #cards 512 size 80 coarsen threshold 460 Card regions per heap region 1 cards per card region 2048
 CPUs: 12 total, 12 available
 Memory: 15741M
 Large Page Support: Disabled
 NUMA Support: Disabled
 Compressed Oops: Enabled (32-bit)
 Heap Region Size: 1M
 Heap Min Capacity: 8M
 Heap Initial Capacity: 246M
 Heap Max Capacity: 2G
 Pre-touch: Disabled
 Parallel Workers: 10
 Concurrent Workers: 3
 Concurrent Refinement Workers: 10
 Periodic GC: Disabled
Heap:
 garbage-first heap   total 295936K, used 165846K [0x0000000080000000, 0x0000000100000000)
  region size 1024K, 12 young (12288K), 4 survivors (4096K)
 Metaspace       used 124660K, committed 126784K, reserved 1179648K
  class space    used 17073K, committed 18176K, reserved 1048576K
GC Heap History (20 events):
Event: 16.931 GC heap before
{Heap before GC invocations=45 (full 0):
 garbage-first heap   total 250880K, used 154833K [0x0000000080000000, 0x0000000100000000)
  region size 1024K, 42 young (43008K), 8 survivors (8192K)
 Metaspace       used 108963K, committed 111040K, reserved 1179648K
  class space    used 14929K, committed 15936K, reserved 1048576K
}
Event: 16.937 GC heap after
{Heap after GC invocations=46 (full 0):
 garbage-first heap   total 250880K, used 127332K [0x0000000080000000, 0x0000000100000000)
  region size 1024K, 12 young (12288K), 12 survivors (12288K)
 Metaspace       used 108963K, committed 111040K, reserved 1179648K
  class space    used 14929K, committed 15936K, reserved 1048576K
}
Event: 17.595 GC heap before
{Heap before GC invocations=47 (full 0):
 garbage-first heap   total 260096K, used 220516K [0x0000000080000000, 0x0000000100000000)
  region size 1024K, 102 young (104448K), 12 survivors (12288K)
 Metaspace       used 112935K, committed 114944K, reserved 1179648K
  class space    used 15460K, committed 16448K, reserved 1048576K
}
Event: 17.609 GC heap after
{Heap after GC invocations=48 (full 0):
 garbage-first heap   total 260096K, used 143996K [0x0000000080000000, 0x0000000100000000)
  region size 1024K, 13 young (13312K), 13 survivors (13312K)
 Metaspace       used 112935K, committed 114944K, reserved 1179648K
  class space    used 15460K, committed 16448K, reserved 1048576K
}
Event: 18.008 GC heap before
{Heap before GC invocations=48 (full 0):
 garbage-first heap   total 260096K, used 218748K [0x0000000080000000, 0x0000000100000000)
  region size 1024K, 86 young (88064K), 13 survivors (13312K)
 Metaspace       used 115496K, committed 117632K, reserved 1179648K
  class space    used 15856K, committed 16896K, reserved 1048576K
}
Event: 18.024 GC heap after
{Heap after GC invocations=49 (full 0):
 garbage-first heap   total 260096K, used 141870K [0x0000000080000000, 0x0000000100000000)
  region size 1024K, 11 young (11264K), 11 survivors (11264K)
 Metaspace       used 115496K, committed 117632K, reserved 1179648K
  class space    used 15856K, committed 16896K, reserved 1048576K
}
Event: 18.517 GC heap before
{Heap before GC invocations=49 (full 0):
 garbage-first heap   total 260096K, used 217646K [0x0000000080000000, 0x0000000100000000)
  region size 1024K, 85 young (87040K), 11 survivors (11264K)
 Metaspace       used 118293K, committed 120448K, reserved 1179648K
  class space    used 16235K, committed 17280K, reserved 1048576K
}
Event: 18.530 GC heap after
{Heap after GC invocations=50 (full 0):
 garbage-first heap   total 260096K, used 154624K [0x0000000080000000, 0x0000000100000000)
  region size 1024K, 11 young (11264K), 11 survivors (11264K)
 Metaspace       used 118293K, committed 120448K, reserved 1179648K
  class space    used 16235K, committed 17280K, reserved 1048576K
}
Event: 18.811 GC heap before
{Heap before GC invocations=51 (full 0):
 garbage-first heap   total 276480K, used 220160K [0x0000000080000000, 0x0000000100000000)
  region size 1024K, 80 young (81920K), 11 survivors (11264K)
 Metaspace       used 118877K, committed 120960K, reserved 1179648K
  class space    used 16344K, committed 17344K, reserved 1048576K
}
Event: 18.823 GC heap after
{Heap after GC invocations=52 (full 0):
 garbage-first heap   total 276480K, used 164864K [0x0000000080000000, 0x0000000100000000)
  region size 1024K, 10 young (10240K), 10 survivors (10240K)
 Metaspace       used 118877K, committed 120960K, reserved 1179648K
  class space    used 16344K, committed 17344K, reserved 1048576K
}
Event: 19.723 GC heap before
{Heap before GC invocations=52 (full 0):
 garbage-first heap   total 276480K, used 237568K [0x0000000080000000, 0x0000000100000000)
  region size 1024K, 82 young (83968K), 10 survivors (10240K)
 Metaspace       used 123449K, committed 125568K, reserved 1179648K
  class space    used 17002K, committed 18048K, reserved 1048576K
}
Event: 19.731 GC heap after
{Heap after GC invocations=53 (full 0):
 garbage-first heap   total 276480K, used 162075K [0x0000000080000000, 0x0000000100000000)
  region size 1024K, 3 young (3072K), 3 survivors (3072K)
 Metaspace       used 123449K, committed 125568K, reserved 1179648K
  class space    used 17002K, committed 18048K, reserved 1048576K
}
Event: 20.319 GC heap before
{Heap before GC invocations=53 (full 0):
 garbage-first heap   total 276480K, used 240923K [0x0000000080000000, 0x0000000100000000)
  region size 1024K, 80 young (81920K), 3 survivors (3072K)
 Metaspace       used 124180K, committed 126336K, reserved 1179648K
  class space    used 17063K, committed 18112K, reserved 1048576K
}
Event: 20.325 GC heap after
{Heap after GC invocations=54 (full 0):
 garbage-first heap   total 276480K, used 161955K [0x0000000080000000, 0x0000000100000000)
  region size 1024K, 3 young (3072K), 3 survivors (3072K)
 Metaspace       used 124180K, committed 126336K, reserved 1179648K
  class space    used 17063K, committed 18112K, reserved 1048576K
}
Event: 20.938 GC heap before
{Heap before GC invocations=55 (full 0):
 garbage-first heap   total 295936K, used 245923K [0x0000000080000000, 0x0000000100000000)
  region size 1024K, 85 young (87040K), 3 survivors (3072K)
 Metaspace       used 124467K, committed 126592K, reserved 1179648K
  class space    used 17064K, committed 18112K, reserved 1048576K
}
Event: 20.945 GC heap after
{Heap after GC invocations=56 (full 0):
 garbage-first heap   total 295936K, used 162075K [0x0000000080000000, 0x0000000100000000)
  region size 1024K, 3 young (3072K), 3 survivors (3072K)
 Metaspace       used 124467K, committed 126592K, reserved 1179648K
  class space    used 17064K, committed 18112K, reserved 1048576K
}
Event: 21.467 GC heap before
{Heap before GC invocations=56 (full 0):
 garbage-first heap   total 295936K, used 264475K [0x0000000080000000, 0x0000000100000000)
  region size 1024K, 103 young (105472K), 3 survivors (3072K)
 Metaspace       used 124596K, committed 126784K, reserved 1179648K
  class space    used 17072K, committed 18176K, reserved 1048576K
}
Event: 21.475 GC heap after
{Heap after GC invocations=57 (full 0):
 garbage-first heap   total 295936K, used 158259K [0x0000000080000000, 0x0000000100000000)
  region size 1024K, 4 young (4096K), 4 survivors (4096K)
 Metaspace       used 124596K, committed 126784K, reserved 1179648K
  class space    used 17072K, committed 18176K, reserved 1048576K
}
Event: 21.965 GC heap before
{Heap before GC invocations=57 (full 0):
 garbage-first heap   total 295936K, used 273971K [0x0000000080000000, 0x0000000100000000)
  region size 1024K, 117 young (119808K), 4 survivors (4096K)
 Metaspace       used 124660K, committed 126784K, reserved 1179648K
  class space    used 17073K, committed 18176K, reserved 1048576K
}
Event: 21.974 GC heap after
{Heap after GC invocations=58 (full 0):
 garbage-first heap   total 295936K, used 158678K [0x0000000080000000, 0x0000000100000000)
  region size 1024K, 4 young (4096K), 4 survivors (4096K)
 Metaspace       used 124660K, committed 126784K, reserved 1179648K
  class space    used 17073K, committed 18176K, reserved 1048576K
}

