# JRE version: OpenJDK Runtime Environment (21.0.3) (build 21.0.3+-12282718-b509.11)
# Java VM: OpenJDK 64-Bit Server VM (21.0.3+-12282718-b509.11, mixed mode, tiered, compressed oops, compressed class ptrs, g1 gc, windows-amd64)
GC Precious Log:
 CardTable entry size: 512
 Card Set container configuration: InlinePtr #cards 4 size 8 Array Of Cards #cards 16 size 48 Howl #buckets 8 coarsen threshold 3686 Howl Bitmap #cards 512 size 80 coarsen threshold 460 Card regions per heap region 1 cards per card region 4096
 CPUs: 12 total, 12 available
 Memory: 15741M
 Large Page Support: Disabled
 NUMA Support: Disabled
 Compressed Oops: Enabled (Zero based)
 Heap Region Size: 2M
 Heap Min Capacity: 8M
 Heap Initial Capacity: 8M
 Heap Max Capacity: 3936M
 Pre-touch: Disabled
 Parallel Workers: 10
 Concurrent Workers: 3
 Concurrent Refinement Workers: 10
 Periodic GC: Disabled
Heap:
 garbage-first heap   total 12288K, used 3144K [0x000000070a000000, 0x0000000800000000)
  region size 2048K, 1 young (2048K), 1 survivors (2048K)
 Metaspace       used 15566K, committed 15744K, reserved 1114112K
  class space    used 1670K, committed 1792K, reserved 1048576K
GC Heap History (17 events):
Event: 0.109 GC heap before
{Heap before GC invocations=0 (full 0):
 garbage-first heap   total 8192K, used 2048K [0x000000070a000000, 0x0000000800000000)
  region size 2048K, 1 young (2048K), 0 survivors (0K)
 Metaspace       used 6431K, committed 6592K, reserved 1114112K
  class space    used 584K, committed 640K, reserved 1048576K
}
Event: 0.111 GC heap after
{Heap after GC invocations=1 (full 0):
 garbage-first heap   total 8192K, used 816K [0x000000070a000000, 0x0000000800000000)
  region size 2048K, 1 young (2048K), 1 survivors (2048K)
 Metaspace       used 6431K, committed 6592K, reserved 1114112K
  class space    used 584K, committed 640K, reserved 1048576K
}
Event: 0.146 GC heap before
{Heap before GC invocations=1 (full 0):
 garbage-first heap   total 8192K, used 816K [0x000000070a000000, 0x0000000800000000)
  region size 2048K, 2 young (4096K), 1 survivors (2048K)
 Metaspace       used 7412K, committed 7552K, reserved 1114112K
  class space    used 699K, committed 768K, reserved 1048576K
}
Event: 0.148 GC heap after
{Heap after GC invocations=2 (full 0):
 garbage-first heap   total 8192K, used 926K [0x000000070a000000, 0x0000000800000000)
  region size 2048K, 1 young (2048K), 1 survivors (2048K)
 Metaspace       used 7412K, committed 7552K, reserved 1114112K
  class space    used 699K, committed 768K, reserved 1048576K
}
Event: 0.181 GC heap before
{Heap before GC invocations=2 (full 0):
 garbage-first heap   total 8192K, used 926K [0x000000070a000000, 0x0000000800000000)
  region size 2048K, 2 young (4096K), 1 survivors (2048K)
 Metaspace       used 8419K, committed 8576K, reserved 1114112K
  class space    used 829K, committed 896K, reserved 1048576K
}
Event: 0.183 GC heap after
{Heap after GC invocations=3 (full 0):
 garbage-first heap   total 8192K, used 975K [0x000000070a000000, 0x0000000800000000)
  region size 2048K, 1 young (2048K), 1 survivors (2048K)
 Metaspace       used 8419K, committed 8576K, reserved 1114112K
  class space    used 829K, committed 896K, reserved 1048576K
}
Event: 0.216 GC heap before
{Heap before GC invocations=3 (full 0):
 garbage-first heap   total 8192K, used 3023K [0x000000070a000000, 0x0000000800000000)
  region size 2048K, 2 young (4096K), 1 survivors (2048K)
 Metaspace       used 9436K, committed 9664K, reserved 1114112K
  class space    used 979K, committed 1088K, reserved 1048576K
}
Event: 0.217 GC heap after
{Heap after GC invocations=4 (full 0):
 garbage-first heap   total 8192K, used 1170K [0x000000070a000000, 0x0000000800000000)
  region size 2048K, 1 young (2048K), 1 survivors (2048K)
 Metaspace       used 9436K, committed 9664K, reserved 1114112K
  class space    used 979K, committed 1088K, reserved 1048576K
}
Event: 0.236 GC heap before
{Heap before GC invocations=4 (full 0):
 garbage-first heap   total 8192K, used 1170K [0x000000070a000000, 0x0000000800000000)
  region size 2048K, 2 young (4096K), 1 survivors (2048K)
 Metaspace       used 9965K, committed 10112K, reserved 1114112K
  class space    used 1047K, committed 1152K, reserved 1048576K
}
Event: 0.238 GC heap after
{Heap after GC invocations=5 (full 0):
 garbage-first heap   total 12288K, used 1639K [0x000000070a000000, 0x0000000800000000)
  region size 2048K, 1 young (2048K), 1 survivors (2048K)
 Metaspace       used 9965K, committed 10112K, reserved 1114112K
  class space    used 1047K, committed 1152K, reserved 1048576K
}
Event: 0.279 GC heap before
{Heap before GC invocations=5 (full 0):
 garbage-first heap   total 12288K, used 3687K [0x000000070a000000, 0x0000000800000000)
  region size 2048K, 3 young (6144K), 1 survivors (2048K)
 Metaspace       used 11159K, committed 11328K, reserved 1114112K
  class space    used 1196K, committed 1280K, reserved 1048576K
}
Event: 0.280 GC heap after
{Heap after GC invocations=6 (full 0):
 garbage-first heap   total 12288K, used 1681K [0x000000070a000000, 0x0000000800000000)
  region size 2048K, 1 young (2048K), 1 survivors (2048K)
 Metaspace       used 11159K, committed 11328K, reserved 1114112K
  class space    used 1196K, committed 1280K, reserved 1048576K
}
Event: 0.312 GC heap before
{Heap before GC invocations=6 (full 0):
 garbage-first heap   total 12288K, used 3729K [0x000000070a000000, 0x0000000800000000)
  region size 2048K, 3 young (6144K), 1 survivors (2048K)
 Metaspace       used 12277K, committed 12416K, reserved 1114112K
  class space    used 1340K, committed 1408K, reserved 1048576K
}
Event: 0.313 GC heap after
{Heap after GC invocations=7 (full 0):
 garbage-first heap   total 12288K, used 1817K [0x000000070a000000, 0x0000000800000000)
  region size 2048K, 1 young (2048K), 1 survivors (2048K)
 Metaspace       used 12277K, committed 12416K, reserved 1114112K
  class space    used 1340K, committed 1408K, reserved 1048576K
}
Event: 0.354 GC heap before
{Heap before GC invocations=7 (full 0):
 garbage-first heap   total 12288K, used 3865K [0x000000070a000000, 0x0000000800000000)
  region size 2048K, 3 young (6144K), 1 survivors (2048K)
 Metaspace       used 13473K, committed 13632K, reserved 1114112K
  class space    used 1471K, committed 1536K, reserved 1048576K
}
Event: 0.355 GC heap after
{Heap after GC invocations=8 (full 0):
 garbage-first heap   total 12288K, used 2253K [0x000000070a000000, 0x0000000800000000)
  region size 2048K, 1 young (2048K), 1 survivors (2048K)
 Metaspace       used 13473K, committed 13632K, reserved 1114112K
  class space    used 1471K, committed 1536K, reserved 1048576K
}
Event: 0.428 GC heap before
{Heap before GC invocations=8 (full 0):
 garbage-first heap   total 12288K, used 4301K [0x000000070a000000, 0x0000000800000000)
  region size 2048K, 3 young (6144K), 1 survivors (2048K)
 Metaspace       used 15566K, committed 15744K, reserved 1114112K
  class space    used 1670K, committed 1792K, reserved 1048576K
}

